  main.cpp
C:\DevSus\school\UltraClone99\assignment1_jenseckert\assignment1_win\main.cpp(43,35): warning C4244: 'argument': conversion from 'int' to 'float', possible loss of data
C:\DevSus\school\UltraClone99\assignment1_jenseckert\assignment1_win\main.cpp(43,28): warning C4244: 'argument': conversion from 'int' to 'float', possible loss of data
C:\DevSus\school\UltraClone99\assignment1_jenseckert\assignment1_win\main.cpp(49,15): warning C4267: 'initializing': conversion from 'size_t' to 'int', possible loss of data
C:\DevSus\school\UltraClone99\assignment1_jenseckert\assignment1_win\main.cpp(201,24): warning C4244: '=': conversion from 'T' to 'T', possible loss of data
          with
          [
              T=unsigned int
          ]
          and
          [
              T=float
          ]
C:\DevSus\school\UltraClone99\assignment1_jenseckert\assignment1_win\main.cpp(206,23): warning C4244: '=': conversion from 'int' to 'T', possible loss of data
          with
          [
              T=float
          ]
C:\DevSus\school\UltraClone99\assignment1_jenseckert\assignment1_win\main.cpp(309,54): warning C4244: 'argument': conversion from 'float' to 'unsigned int', possible loss of data
C:\DevSus\school\UltraClone99\assignment1_jenseckert\assignment1_win\main.cpp(399,33): warning C4244: '=': conversion from 'unsigned int' to 'float', possible loss of data
C:\DevSus\school\UltraClone99\assignment1_jenseckert\assignment1_win\main.cpp(407,33): warning C4244: '=': conversion from 'unsigned int' to 'float', possible loss of data
C:\DevSus\school\UltraClone99\assignment1_jenseckert\assignment1_win\main.cpp(415,33): warning C4244: '=': conversion from 'unsigned int' to 'float', possible loss of data
C:\DevSus\school\UltraClone99\assignment1_jenseckert\assignment1_win\main.cpp(615,72): warning C4244: 'argument': conversion from 'int' to 'T', possible loss of data
          with
          [
              T=float
          ]
C:\DevSus\school\UltraClone99\assignment1_jenseckert\assignment1_win\main.cpp(615,60): warning C4244: 'argument': conversion from 'int' to 'T', possible loss of data
          with
          [
              T=float
          ]
C:\DevSus\school\UltraClone99\assignment1_jenseckert\assignment1_win\main.cpp(616,77): warning C4244: 'argument': conversion from 'int' to 'T', possible loss of data
          with
          [
              T=float
          ]
C:\DevSus\school\UltraClone99\assignment1_jenseckert\assignment1_win\main.cpp(616,65): warning C4244: 'argument': conversion from 'int' to 'T', possible loss of data
          with
          [
              T=float
          ]
  assignment1_win.vcxproj -> C:\DevSus\school\UltraClone99\assignment1_jenseckert\x64\Debug\assignment1_win.exe
